[0.102s] [34mcolcon[0m [1;30mDEBUG[0m [32mCommand line arguments: ['/usr/bin/colcon', 'build', '--cmake-args', '-DCMAKE_BUILD_TYPE=Release'][0m
[0.102s] [34mcolcon[0m [1;30mDEBUG[0m [32mParsed command line arguments: Namespace(allow_overriding=[], ament_cmake_args=None, base_paths=['.'], build_base='build', catkin_cmake_args=None, catkin_skip_building_tests=False, cmake_args=['-DCMAKE_BUILD_TYPE=Release'], cmake_clean_cache=False, cmake_clean_first=False, cmake_force_configure=False, cmake_target=None, cmake_target_skip_unavailable=False, continue_on_error=False, event_handlers=None, executor='parallel', ignore_user_meta=False, install_base='install', log_base=None, log_level=None, main=<bound method BuildVerb.main of <colcon_core.verb.build.BuildVerb object at 0x7f3a189f86a0>>, merge_install=False, metas=['./colcon.meta'], packages_above=None, packages_above_and_dependencies=None, packages_above_depth=None, packages_end=None, packages_ignore=None, packages_ignore_regex=None, packages_select=None, packages_select_build_failed=False, packages_select_by_dep=None, packages_select_regex=None, packages_select_test_failures=False, packages_skip=None, packages_skip_build_finished=False, packages_skip_by_dep=None, packages_skip_regex=None, packages_skip_test_passed=False, packages_skip_up_to=None, packages_start=None, packages_up_to=None, packages_up_to_regex=None, parallel_workers=22, paths=None, symlink_install=False, test_result_base=None, verb_extension=<colcon_core.verb.build.BuildVerb object at 0x7f3a189f86a0>, verb_name='build', verb_parser=<colcon_defaults.argument_parser.defaults.DefaultArgumentsDecorator object at 0x7f3a1894db80>)[0m
[0.175s] [34mcolcon.colcon_core.package_discovery[0m [1;30mLevel 1[0m discover_packages(colcon_meta) check parameters
[0.175s] [34mcolcon.colcon_core.package_discovery[0m [1;30mLevel 1[0m discover_packages(recursive) check parameters
[0.175s] [34mcolcon.colcon_core.package_discovery[0m [1;30mLevel 1[0m discover_packages(ignore) check parameters
[0.175s] [34mcolcon.colcon_core.package_discovery[0m [1;30mLevel 1[0m discover_packages(path) check parameters
[0.175s] [34mcolcon.colcon_core.package_discovery[0m [1;30mLevel 1[0m discover_packages(colcon_meta) discover
[0.175s] [34mcolcon.colcon_core.package_discovery[0m [1;30mLevel 1[0m discover_packages(recursive) discover
[0.175s] [34mcolcon.colcon_core.package_discovery[0m [1;30mINFO[0m Crawling recursively for packages in '/home/zeb/bluerov2_pid/ros_qualysis'
[0.175s] [34mcolcon.colcon_core.package_identification[0m [1;30mLevel 1[0m _identify(.) by extensions ['ignore', 'ignore_ament_install']
[0.176s] [34mcolcon.colcon_core.package_identification[0m [1;30mLevel 1[0m _identify(.) by extension 'ignore'
[0.176s] [34mcolcon.colcon_core.package_identification[0m [1;30mLevel 1[0m _identify(.) by extension 'ignore_ament_install'
[0.176s] [34mcolcon.colcon_core.package_identification[0m [1;30mLevel 1[0m _identify(.) by extensions ['colcon_pkg']
[0.176s] [34mcolcon.colcon_core.package_identification[0m [1;30mLevel 1[0m _identify(.) by extension 'colcon_pkg'
[0.176s] [34mcolcon.colcon_core.package_identification[0m [1;30mLevel 1[0m _identify(.) by extensions ['colcon_meta']
[0.176s] [34mcolcon.colcon_core.package_identification[0m [1;30mLevel 1[0m _identify(.) by extension 'colcon_meta'
[0.176s] [34mcolcon.colcon_core.package_identification[0m [1;30mLevel 1[0m _identify(.) by extensions ['ros']
[0.176s] [34mcolcon.colcon_core.package_identification[0m [1;30mLevel 1[0m _identify(.) by extension 'ros'
[0.181s] [34mcolcon.colcon_core.package_identification[0m [1;30mLevel 1[0m _identify(.) by extensions ['cmake', 'python']
[0.181s] [34mcolcon.colcon_core.package_identification[0m [1;30mLevel 1[0m _identify(.) by extension 'cmake'
[0.181s] [34mcolcon.colcon_core.package_identification[0m [1;30mLevel 1[0m _identify(.) by extension 'python'
[0.181s] [34mcolcon.colcon_core.package_identification[0m [1;30mLevel 1[0m _identify(.) by extensions ['python_setup_py']
[0.181s] [34mcolcon.colcon_core.package_identification[0m [1;30mLevel 1[0m _identify(.) by extension 'python_setup_py'
[0.181s] [34mcolcon.colcon_core.package_identification[0m [1;30mLevel 1[0m _identify(build) by extensions ['ignore', 'ignore_ament_install']
[0.181s] [34mcolcon.colcon_core.package_identification[0m [1;30mLevel 1[0m _identify(build) by extension 'ignore'
[0.181s] [34mcolcon.colcon_core.package_identification[0m [1;30mLevel 1[0m _identify(build) ignored
[0.181s] [34mcolcon.colcon_core.package_identification[0m [1;30mLevel 1[0m _identify(install) by extensions ['ignore', 'ignore_ament_install']
[0.182s] [34mcolcon.colcon_core.package_identification[0m [1;30mLevel 1[0m _identify(install) by extension 'ignore'
[0.182s] [34mcolcon.colcon_core.package_identification[0m [1;30mLevel 1[0m _identify(install) ignored
[0.182s] [34mcolcon.colcon_core.package_identification[0m [1;30mLevel 1[0m _identify(log) by extensions ['ignore', 'ignore_ament_install']
[0.182s] [34mcolcon.colcon_core.package_identification[0m [1;30mLevel 1[0m _identify(log) by extension 'ignore'
[0.182s] [34mcolcon.colcon_core.package_identification[0m [1;30mLevel 1[0m _identify(log) ignored
[0.182s] [34mcolcon.colcon_core.package_identification[0m [1;30mLevel 1[0m _identify(src) by extensions ['ignore', 'ignore_ament_install']
[0.182s] [34mcolcon.colcon_core.package_identification[0m [1;30mLevel 1[0m _identify(src) by extension 'ignore'
[0.182s] [34mcolcon.colcon_core.package_identification[0m [1;30mLevel 1[0m _identify(src) by extension 'ignore_ament_install'
[0.182s] [34mcolcon.colcon_core.package_identification[0m [1;30mLevel 1[0m _identify(src) by extensions ['colcon_pkg']
[0.182s] [34mcolcon.colcon_core.package_identification[0m [1;30mLevel 1[0m _identify(src) by extension 'colcon_pkg'
[0.182s] [34mcolcon.colcon_core.package_identification[0m [1;30mLevel 1[0m _identify(src) by extensions ['colcon_meta']
[0.182s] [34mcolcon.colcon_core.package_identification[0m [1;30mLevel 1[0m _identify(src) by extension 'colcon_meta'
[0.182s] [34mcolcon.colcon_core.package_identification[0m [1;30mLevel 1[0m _identify(src) by extensions ['ros']
[0.182s] [34mcolcon.colcon_core.package_identification[0m [1;30mLevel 1[0m _identify(src) by extension 'ros'
[0.185s] [34mcolcon.colcon_core.package_identification[0m [1;30mDEBUG[0m [32mPackage 'src' with type 'ros.cmake' and name 'ros-qualisys'[0m
[0.185s] [34mcolcon.colcon_core.package_discovery[0m [1;30mLevel 1[0m discover_packages(recursive) using defaults
[0.186s] [34mcolcon.colcon_core.package_discovery[0m [1;30mLevel 1[0m discover_packages(ignore) discover
[0.186s] [34mcolcon.colcon_core.package_discovery[0m [1;30mLevel 1[0m discover_packages(ignore) using defaults
[0.186s] [34mcolcon.colcon_core.package_discovery[0m [1;30mLevel 1[0m discover_packages(path) discover
[0.186s] [34mcolcon.colcon_core.package_discovery[0m [1;30mLevel 1[0m discover_packages(path) using defaults
[0.198s] [34mcolcon.colcon_core.package_discovery[0m [1;30mLevel 1[0m discover_packages(prefix_path) check parameters
[0.198s] [34mcolcon.colcon_core.package_discovery[0m [1;30mLevel 1[0m discover_packages(prefix_path) discover
[0.199s] [34mcolcon.colcon_installed_package_information.package_discovery[0m [1;30mDEBUG[0m [32mFound 1 installed packages in /home/zeb/ros_workspace/install[0m
[0.199s] [34mcolcon.colcon_installed_package_information.package_discovery[0m [1;30mDEBUG[0m [32mFound 1 installed packages in /home/zeb/ros_workspace/install/ros-qualisys[0m
[0.199s] [34mcolcon.colcon_installed_package_information.package_discovery[0m [1;30mDEBUG[0m [32mFound 3 installed packages in /opt/ros/noetic[0m
[0.199s] [34mcolcon.colcon_core.package_discovery[0m [1;30mLevel 1[0m discover_packages(prefix_path) using defaults
[0.201s] [34mcolcon.colcon_core.verb[0m [1;30mLevel 5[0m set package 'ros-qualisys' build argument 'cmake_args' from command line to '['-DCMAKE_BUILD_TYPE=Release']'
[0.201s] [34mcolcon.colcon_core.verb[0m [1;30mLevel 5[0m set package 'ros-qualisys' build argument 'cmake_target' from command line to 'None'
[0.201s] [34mcolcon.colcon_core.verb[0m [1;30mLevel 5[0m set package 'ros-qualisys' build argument 'cmake_target_skip_unavailable' from command line to 'False'
[0.201s] [34mcolcon.colcon_core.verb[0m [1;30mLevel 5[0m set package 'ros-qualisys' build argument 'cmake_clean_cache' from command line to 'False'
[0.201s] [34mcolcon.colcon_core.verb[0m [1;30mLevel 5[0m set package 'ros-qualisys' build argument 'cmake_clean_first' from command line to 'False'
[0.201s] [34mcolcon.colcon_core.verb[0m [1;30mLevel 5[0m set package 'ros-qualisys' build argument 'cmake_force_configure' from command line to 'False'
[0.201s] [34mcolcon.colcon_core.verb[0m [1;30mLevel 5[0m set package 'ros-qualisys' build argument 'ament_cmake_args' from command line to 'None'
[0.201s] [34mcolcon.colcon_core.verb[0m [1;30mLevel 5[0m set package 'ros-qualisys' build argument 'catkin_cmake_args' from command line to 'None'
[0.201s] [34mcolcon.colcon_core.verb[0m [1;30mLevel 5[0m set package 'ros-qualisys' build argument 'catkin_skip_building_tests' from command line to 'False'
[0.201s] [34mcolcon.colcon_core.verb[0m [1;30mDEBUG[0m [32mBuilding package 'ros-qualisys' with the following arguments: {'ament_cmake_args': None, 'build_base': '/home/zeb/bluerov2_pid/ros_qualysis/build/ros-qualisys', 'catkin_cmake_args': None, 'catkin_skip_building_tests': False, 'cmake_args': ['-DCMAKE_BUILD_TYPE=Release'], 'cmake_clean_cache': False, 'cmake_clean_first': False, 'cmake_force_configure': False, 'cmake_target': None, 'cmake_target_skip_unavailable': False, 'install_base': '/home/zeb/bluerov2_pid/ros_qualysis/install/ros-qualisys', 'merge_install': False, 'path': '/home/zeb/bluerov2_pid/ros_qualysis/src', 'symlink_install': False, 'test_result_base': None}[0m
[0.201s] [34mcolcon.colcon_core.executor[0m [1;30mINFO[0m Executing jobs using 'parallel' executor
[0.202s] [34mcolcon.colcon_parallel_executor.executor.parallel[0m [1;30mDEBUG[0m [32mrun_until_complete[0m
[0.202s] [34mcolcon.colcon_ros.task.cmake.build[0m [1;30mINFO[0m Building ROS package in '/home/zeb/bluerov2_pid/ros_qualysis/src' with build type 'cmake'
[0.202s] [34mcolcon.colcon_cmake.task.cmake.build[0m [1;30mINFO[0m Building CMake package in '/home/zeb/bluerov2_pid/ros_qualysis/src'
[0.203s] [34mcolcon.colcon_core.plugin_system[0m [1;30mINFO[0m Skipping extension 'colcon_core.shell.bat': Not used on non-Windows systems
[0.203s] [34mcolcon.colcon_core.shell[0m [1;30mINFO[0m Skip shell extension 'powershell' for command environment: Not usable outside of PowerShell
[0.203s] [34mcolcon.colcon_core.shell[0m [1;30mDEBUG[0m [32mSkip shell extension 'dsv' for command environment[0m
[0.204s] [34mcolcon.colcon_core.shell[0m [1;30mDEBUG[0m [32mIgnoring prefix path '/home/zeb/ws_moveit/devel'[0m
[0.210s] [34mcolcon.colcon_core.event_handler.log_command[0m [1;30mDEBUG[0m [32mInvoking command in '/home/zeb/bluerov2_pid/ros_qualysis/build/ros-qualisys': /usr/local/bin/cmake /home/zeb/bluerov2_pid/ros_qualysis/src -DCMAKE_BUILD_TYPE=Release -DCMAKE_INSTALL_PREFIX=/home/zeb/bluerov2_pid/ros_qualysis/install/ros-qualisys[0m
[3.962s] [34mcolcon.colcon_core.event_handler.log_command[0m [1;30mDEBUG[0m [32mInvoked command in '/home/zeb/bluerov2_pid/ros_qualysis/build/ros-qualisys' returned '0': /usr/local/bin/cmake /home/zeb/bluerov2_pid/ros_qualysis/src -DCMAKE_BUILD_TYPE=Release -DCMAKE_INSTALL_PREFIX=/home/zeb/bluerov2_pid/ros_qualysis/install/ros-qualisys[0m
[3.966s] [34mcolcon.colcon_core.event_handler.log_command[0m [1;30mDEBUG[0m [32mInvoking command in '/home/zeb/bluerov2_pid/ros_qualysis/build/ros-qualisys': /usr/local/bin/cmake --build /home/zeb/bluerov2_pid/ros_qualysis/build/ros-qualisys -- -j22 -l22[0m
[6.339s] [34mcolcon.colcon_core.event_handler.log_command[0m [1;30mDEBUG[0m [32mInvoked command in '/home/zeb/bluerov2_pid/ros_qualysis/build/ros-qualisys' returned '0': /usr/local/bin/cmake --build /home/zeb/bluerov2_pid/ros_qualysis/build/ros-qualisys -- -j22 -l22[0m
[6.348s] [34mcolcon.colcon_core.event_handler.log_command[0m [1;30mDEBUG[0m [32mInvoking command in '/home/zeb/bluerov2_pid/ros_qualysis/build/ros-qualisys': /usr/local/bin/cmake --install /home/zeb/bluerov2_pid/ros_qualysis/build/ros-qualisys[0m
[6.359s] [34mcolcon.colcon_core.shell[0m [1;30mLevel 1[0m create_environment_hook('ros-qualisys', 'pkg_config_path')
[6.360s] [34mcolcon.colcon_core.shell[0m [1;30mINFO[0m Creating environment hook '/home/zeb/bluerov2_pid/ros_qualysis/install/ros-qualisys/share/ros-qualisys/hook/pkg_config_path.ps1'
[6.360s] [34mcolcon.colcon_core.event_handler.log_command[0m [1;30mDEBUG[0m [32mInvoked command in '/home/zeb/bluerov2_pid/ros_qualysis/build/ros-qualisys' returned '0': /usr/local/bin/cmake --install /home/zeb/bluerov2_pid/ros_qualysis/build/ros-qualisys[0m
[6.361s] [34mcolcon.colcon_core.shell[0m [1;30mINFO[0m Creating environment descriptor '/home/zeb/bluerov2_pid/ros_qualysis/install/ros-qualisys/share/ros-qualisys/hook/pkg_config_path.dsv'
[6.362s] [34mcolcon.colcon_core.shell[0m [1;30mINFO[0m Creating environment hook '/home/zeb/bluerov2_pid/ros_qualysis/install/ros-qualisys/share/ros-qualisys/hook/pkg_config_path.sh'
[6.365s] [34mcolcon.colcon_core.shell[0m [1;30mLevel 1[0m create_environment_hook('ros-qualisys', 'pkg_config_path_multiarch')
[6.366s] [34mcolcon.colcon_core.shell[0m [1;30mINFO[0m Creating environment hook '/home/zeb/bluerov2_pid/ros_qualysis/install/ros-qualisys/share/ros-qualisys/hook/pkg_config_path_multiarch.ps1'
[6.367s] [34mcolcon.colcon_core.shell[0m [1;30mINFO[0m Creating environment descriptor '/home/zeb/bluerov2_pid/ros_qualysis/install/ros-qualisys/share/ros-qualisys/hook/pkg_config_path_multiarch.dsv'
[6.367s] [34mcolcon.colcon_core.shell[0m [1;30mINFO[0m Creating environment hook '/home/zeb/bluerov2_pid/ros_qualysis/install/ros-qualisys/share/ros-qualisys/hook/pkg_config_path_multiarch.sh'
[6.368s] [34mcolcon.colcon_core.environment[0m [1;30mLevel 1[0m create_environment_scripts_only(ros-qualisys)
[6.371s] [34mcolcon.colcon_core.environment[0m [1;30mLevel 1[0m checking '/home/zeb/bluerov2_pid/ros_qualysis/install/ros-qualisys' for CMake module files
[6.371s] [34mcolcon.colcon_core.environment[0m [1;30mLevel 1[0m checking '/home/zeb/bluerov2_pid/ros_qualysis/install/ros-qualisys' for CMake config files
[6.371s] [34mcolcon.colcon_core.shell[0m [1;30mLevel 1[0m create_environment_hook('ros-qualisys', 'cmake_prefix_path')
[6.371s] [34mcolcon.colcon_core.shell[0m [1;30mINFO[0m Creating environment hook '/home/zeb/bluerov2_pid/ros_qualysis/install/ros-qualisys/share/ros-qualisys/hook/cmake_prefix_path.ps1'
[6.372s] [34mcolcon.colcon_core.shell[0m [1;30mINFO[0m Creating environment descriptor '/home/zeb/bluerov2_pid/ros_qualysis/install/ros-qualisys/share/ros-qualisys/hook/cmake_prefix_path.dsv'
[6.372s] [34mcolcon.colcon_core.shell[0m [1;30mINFO[0m Creating environment hook '/home/zeb/bluerov2_pid/ros_qualysis/install/ros-qualisys/share/ros-qualisys/hook/cmake_prefix_path.sh'
[6.373s] [34mcolcon.colcon_core.environment[0m [1;30mLevel 1[0m checking '/home/zeb/bluerov2_pid/ros_qualysis/install/ros-qualisys/lib'
[6.373s] [34mcolcon.colcon_core.shell[0m [1;30mLevel 1[0m create_environment_hook('ros-qualisys', 'ld_library_path_lib')
[6.373s] [34mcolcon.colcon_core.shell[0m [1;30mINFO[0m Creating environment hook '/home/zeb/bluerov2_pid/ros_qualysis/install/ros-qualisys/share/ros-qualisys/hook/ld_library_path_lib.ps1'
[6.374s] [34mcolcon.colcon_core.shell[0m [1;30mINFO[0m Creating environment descriptor '/home/zeb/bluerov2_pid/ros_qualysis/install/ros-qualisys/share/ros-qualisys/hook/ld_library_path_lib.dsv'
[6.374s] [34mcolcon.colcon_core.shell[0m [1;30mINFO[0m Creating environment hook '/home/zeb/bluerov2_pid/ros_qualysis/install/ros-qualisys/share/ros-qualisys/hook/ld_library_path_lib.sh'
[6.375s] [34mcolcon.colcon_core.environment[0m [1;30mLevel 1[0m checking '/home/zeb/bluerov2_pid/ros_qualysis/install/ros-qualisys/bin'
[6.375s] [34mcolcon.colcon_core.environment[0m [1;30mLevel 1[0m checking '/home/zeb/bluerov2_pid/ros_qualysis/install/ros-qualisys/lib/pkgconfig/ros-qualisys.pc'
[6.375s] [34mcolcon.colcon_core.shell[0m [1;30mLevel 1[0m create_environment_hook('ros-qualisys', 'pkg_config')
[6.375s] [34mcolcon.colcon_core.shell[0m [1;30mINFO[0m Creating environment hook '/home/zeb/bluerov2_pid/ros_qualysis/install/ros-qualisys/share/ros-qualisys/hook/pkg_config.ps1'
[6.375s] [34mcolcon.colcon_core.shell[0m [1;30mINFO[0m Creating environment descriptor '/home/zeb/bluerov2_pid/ros_qualysis/install/ros-qualisys/share/ros-qualisys/hook/pkg_config.dsv'
[6.376s] [34mcolcon.colcon_core.shell[0m [1;30mINFO[0m Creating environment hook '/home/zeb/bluerov2_pid/ros_qualysis/install/ros-qualisys/share/ros-qualisys/hook/pkg_config.sh'
[6.376s] [34mcolcon.colcon_core.environment[0m [1;30mLevel 1[0m checking '/home/zeb/bluerov2_pid/ros_qualysis/install/ros-qualisys/lib/python3.8/site-packages'
[6.376s] [34mcolcon.colcon_core.environment[0m [1;30mLevel 1[0m checking '/home/zeb/bluerov2_pid/ros_qualysis/install/ros-qualisys/bin'
[6.377s] [34mcolcon.colcon_core.shell[0m [1;30mINFO[0m Creating package script '/home/zeb/bluerov2_pid/ros_qualysis/install/ros-qualisys/share/ros-qualisys/package.ps1'
[6.378s] [34mcolcon.colcon_core.shell[0m [1;30mINFO[0m Creating package descriptor '/home/zeb/bluerov2_pid/ros_qualysis/install/ros-qualisys/share/ros-qualisys/package.dsv'
[6.379s] [34mcolcon.colcon_core.shell[0m [1;30mINFO[0m Creating package script '/home/zeb/bluerov2_pid/ros_qualysis/install/ros-qualisys/share/ros-qualisys/package.sh'
[6.379s] [34mcolcon.colcon_core.shell[0m [1;30mINFO[0m Creating package script '/home/zeb/bluerov2_pid/ros_qualysis/install/ros-qualisys/share/ros-qualisys/package.bash'
[6.380s] [34mcolcon.colcon_core.shell[0m [1;30mINFO[0m Creating package script '/home/zeb/bluerov2_pid/ros_qualysis/install/ros-qualisys/share/ros-qualisys/package.zsh'
[6.380s] [34mcolcon.colcon_core.environment[0m [1;30mLevel 1[0m create_file_with_runtime_dependencies(/home/zeb/bluerov2_pid/ros_qualysis/install/ros-qualisys/share/colcon-core/packages/ros-qualisys)
[6.381s] [34mcolcon.colcon_parallel_executor.executor.parallel[0m [1;30mDEBUG[0m [32mclosing loop[0m
[6.381s] [34mcolcon.colcon_parallel_executor.executor.parallel[0m [1;30mDEBUG[0m [32mloop closed[0m
[6.382s] [34mcolcon.colcon_parallel_executor.executor.parallel[0m [1;30mDEBUG[0m [32mrun_until_complete finished with '0'[0m
[6.382s] [34mcolcon.colcon_core.event_reactor[0m [1;30mDEBUG[0m [32mjoining thread[0m
[6.395s] [34mcolcon.colcon_core.plugin_system[0m [1;30mINFO[0m Skipping extension 'colcon_notification.desktop_notification.terminal_notifier': Not used on non-Darwin systems
[6.396s] [34mcolcon.colcon_core.plugin_system[0m [1;30mINFO[0m Skipping extension 'colcon_notification.desktop_notification.win32': Not used on non-Windows systems
[6.396s] [34mcolcon.colcon_notification.desktop_notification[0m [1;30mINFO[0m Sending desktop notification using 'notify2'
[6.418s] [34mcolcon.colcon_core.event_reactor[0m [1;30mDEBUG[0m [32mjoined thread[0m
[6.419s] [34mcolcon.colcon_core.shell[0m [1;30mINFO[0m Creating prefix script '/home/zeb/bluerov2_pid/ros_qualysis/install/local_setup.ps1'
[6.420s] [34mcolcon.colcon_core.shell[0m [1;30mINFO[0m Creating prefix util module '/home/zeb/bluerov2_pid/ros_qualysis/install/_local_setup_util_ps1.py'
[6.421s] [34mcolcon.colcon_core.shell[0m [1;30mINFO[0m Creating prefix chain script '/home/zeb/bluerov2_pid/ros_qualysis/install/setup.ps1'
[6.422s] [34mcolcon.colcon_core.shell[0m [1;30mINFO[0m Creating prefix script '/home/zeb/bluerov2_pid/ros_qualysis/install/local_setup.sh'
[6.423s] [34mcolcon.colcon_core.shell[0m [1;30mINFO[0m Creating prefix util module '/home/zeb/bluerov2_pid/ros_qualysis/install/_local_setup_util_sh.py'
[6.423s] [34mcolcon.colcon_core.shell[0m [1;30mINFO[0m Creating prefix chain script '/home/zeb/bluerov2_pid/ros_qualysis/install/setup.sh'
[6.425s] [34mcolcon.colcon_core.shell[0m [1;30mINFO[0m Creating prefix script '/home/zeb/bluerov2_pid/ros_qualysis/install/local_setup.bash'
[6.425s] [34mcolcon.colcon_core.shell[0m [1;30mINFO[0m Creating prefix chain script '/home/zeb/bluerov2_pid/ros_qualysis/install/setup.bash'
[6.426s] [34mcolcon.colcon_core.shell[0m [1;30mINFO[0m Creating prefix script '/home/zeb/bluerov2_pid/ros_qualysis/install/local_setup.zsh'
[6.427s] [34mcolcon.colcon_core.shell[0m [1;30mINFO[0m Creating prefix chain script '/home/zeb/bluerov2_pid/ros_qualysis/install/setup.zsh'
