-- The CXX compiler identification is GNU 9.4.0
-- Detecting CXX compiler ABI info
-- Detecting CXX compiler ABI info - done
-- Check for working CXX compiler: /usr/bin/c++ - skipped
-- Detecting CXX compile features
-- Detecting CXX compile features - done
-- Configuring "ros-qualisys" (https://github.com/gepetto/ros-qualisys)
-- Package version (ROS package.xml): 1.0.0
-- Found PkgConfig: /usr/bin/pkg-config (found version "0.29.1") 
-- Performing Test res_-pedantic
-- Performing Test res_-pedantic - Success
-- Performing Test res_-Wno-long-long
-- Performing Test res_-Wno-long-long - Success
-- Performing Test res_-Wall
-- Performing Test res_-Wall - Success
-- Performing Test res_-Wextra
-- Performing Test res_-Wextra - Success
-- Performing Test res_-Wcast-align
-- Performing Test res_-Wcast-align - Success
-- Performing Test res_-Wcast-qual
-- Performing Test res_-Wcast-qual - Success
-- Performing Test res_-Wformat
-- Performing Test res_-Wformat - Success
-- Performing Test res_-Wwrite-strings
-- Performing Test res_-Wwrite-strings - Success
-- Performing Test res_-Wconversion
-- Performing Test res_-Wconversion - Success
-- Performing Test res_-Werror
-- Performing Test res_-Werror - Failed
-- Could NOT find Doxygen (missing: DOXYGEN_EXECUTABLE) 
-- Failed to find Doxygen, documentation will not be generated.
-- The C compiler identification is GNU 9.4.0
-- Detecting C compiler ABI info
-- Detecting C compiler ABI info - done
-- Check for working C compiler: /usr/bin/cc - skipped
-- Detecting C compile features
-- Detecting C compile features - done
-- Using CATKIN_DEVEL_PREFIX: /home/zeb/bluerov2_pid/ros_qualysis/build/ros-qualisys/devel
-- Using CMAKE_PREFIX_PATH: /home/zeb/ws_moveit/devel;/home/zeb/ros_workspace/install/ros-qualisys;/opt/ros/noetic
-- This workspace overlays: /home/zeb/ws_moveit/devel;/home/zeb/ros_workspace/install/ros-qualisys;/opt/ros/noetic
-- Found PythonInterp: /usr/bin/python3 (found suitable version "3.8.10", minimum required is "3") 
-- Using PYTHON_EXECUTABLE: /usr/bin/python3
-- Using Debian Python package layout
-- Found PY_em: /usr/lib/python3/dist-packages/em.py  
-- Using empy: /usr/lib/python3/dist-packages/em.py
-- Using CATKIN_ENABLE_TESTING: ON
-- Call enable_testing()
-- Using CATKIN_TEST_RESULTS_DIR: /home/zeb/bluerov2_pid/ros_qualysis/build/ros-qualisys/test_results
-- Forcing gtest/gmock from source, though one was otherwise available.
-- Found gtest sources under '/usr/src/googletest': gtests will be built
-- Found gmock sources under '/usr/src/googletest': gmock will be built
[0mCMake Deprecation Warning at /usr/src/googletest/CMakeLists.txt:4 (cmake_minimum_required):
  Compatibility with CMake < 2.8.12 will be removed from a future version of
  CMake.

  Update the VERSION argument <min> value or use a ...<max> suffix to tell
  CMake that the project does not need compatibility with older versions.

[0m
[0mCMake Deprecation Warning at /usr/src/googletest/googlemock/CMakeLists.txt:45 (cmake_minimum_required):
  Compatibility with CMake < 2.8.12 will be removed from a future version of
  CMake.

  Update the VERSION argument <min> value or use a ...<max> suffix to tell
  CMake that the project does not need compatibility with older versions.

[0m
[0mCMake Deprecation Warning at /usr/src/googletest/googletest/CMakeLists.txt:56 (cmake_minimum_required):
  Compatibility with CMake < 2.8.12 will be removed from a future version of
  CMake.

  Update the VERSION argument <min> value or use a ...<max> suffix to tell
  CMake that the project does not need compatibility with older versions.

[0m
-- Found PythonInterp: /usr/bin/python3 (found version "3.8.10") 
-- Found Threads: TRUE  
-- Using Python nosetests: /usr/bin/nosetests3
-- catkin 0.8.12
-- BUILD_SHARED_LIBS is on
-- Using these message generators: gencpp;geneus;genlisp;gennodejs;genpy
-- Found Boost: /usr/lib/x86_64-linux-gnu/cmake/Boost-1.71.0/BoostConfig.cmake (found version "1.71.0") found components: unit_test_framework 
-- Create files for AMENT (ROS 2)
-- Configuring done (3.7s)
-- Generating done (0.0s)
-- Build files have been written to: /home/zeb/bluerov2_pid/ros_qualysis/build/ros-qualisys
/opt/cmake-3.26.4-linux-x86_64/bin/cmake -S/home/zeb/bluerov2_pid/ros_qualysis/src -B/home/zeb/bluerov2_pid/ros_qualysis/build/ros-qualisys --check-build-system CMakeFiles/Makefile.cmake 0
/opt/cmake-3.26.4-linux-x86_64/bin/cmake -E cmake_progress_start /home/zeb/bluerov2_pid/ros_qualysis/build/ros-qualisys/CMakeFiles /home/zeb/bluerov2_pid/ros_qualysis/build/ros-qualisys//CMakeFiles/progress.marks
/usr/bin/make  -f CMakeFiles/Makefile2 all
make[1]: Entering directory '/home/zeb/bluerov2_pid/ros_qualysis/build/ros-qualisys'
/usr/bin/make  -f CMakeFiles/ros-qualisys.dir/build.make CMakeFiles/ros-qualisys.dir/depend
make[2]: Entering directory '/home/zeb/bluerov2_pid/ros_qualysis/build/ros-qualisys'
cd /home/zeb/bluerov2_pid/ros_qualysis/build/ros-qualisys && /opt/cmake-3.26.4-linux-x86_64/bin/cmake -E cmake_depends "Unix Makefiles" /home/zeb/bluerov2_pid/ros_qualysis/src /home/zeb/bluerov2_pid/ros_qualysis/src /home/zeb/bluerov2_pid/ros_qualysis/build/ros-qualisys /home/zeb/bluerov2_pid/ros_qualysis/build/ros-qualisys /home/zeb/bluerov2_pid/ros_qualysis/build/ros-qualisys/CMakeFiles/ros-qualisys.dir/DependInfo.cmake --color=
make[2]: Leaving directory '/home/zeb/bluerov2_pid/ros_qualysis/build/ros-qualisys'
/usr/bin/make  -f CMakeFiles/ros-qualisys.dir/build.make CMakeFiles/ros-qualisys.dir/build
make[2]: Entering directory '/home/zeb/bluerov2_pid/ros_qualysis/build/ros-qualisys'
[ 25%] [32mBuilding CXX object CMakeFiles/ros-qualisys.dir/src/qualisys-to-ros.cpp.o[0m
/usr/bin/c++ -DROSCONSOLE_BACKEND_LOG4CXX -DROS_BUILD_SHARED_LIBS=1 -DROS_PACKAGE_NAME=\"ros-qualisys\" -Dros_qualisys_EXPORTS -I/home/zeb/bluerov2_pid/ros_qualysis/build/ros-qualisys -I/home/zeb/bluerov2_pid/ros_qualysis/build/ros-qualisys/include -I/home/zeb/bluerov2_pid/ros_qualysis/src/include -I/opt/ros/noetic/include -I/opt/ros/noetic/share/xmlrpcpp/cmake/../../../include/xmlrpcpp -isystem /usr/local/include/qualisys_cpp_sdk -pedantic -Wno-long-long -Wall -Wextra -Wcast-align -Wcast-qual -Wformat -Wwrite-strings -Wconversion  -O3 -DNDEBUG -fPIC -MD -MT CMakeFiles/ros-qualisys.dir/src/qualisys-to-ros.cpp.o -MF CMakeFiles/ros-qualisys.dir/src/qualisys-to-ros.cpp.o.d -o CMakeFiles/ros-qualisys.dir/src/qualisys-to-ros.cpp.o -c /home/zeb/bluerov2_pid/ros_qualysis/src/src/qualisys-to-ros.cpp
[ 50%] [32m[1mLinking CXX shared library libros-qualisys.so[0m
/opt/cmake-3.26.4-linux-x86_64/bin/cmake -E cmake_link_script CMakeFiles/ros-qualisys.dir/link.txt --verbose=1
/usr/bin/c++ -fPIC -pedantic -Wno-long-long -Wall -Wextra -Wcast-align -Wcast-qual -Wformat -Wwrite-strings -Wconversion  -O3 -DNDEBUG -shared -Wl,-soname,libros-qualisys.so.1.0.0 -o libros-qualisys.so.1.0.0 "CMakeFiles/ros-qualisys.dir/src/qualisys-to-ros.cpp.o"  -Wl,-rpath,/opt/ros/noetic/lib: /opt/ros/noetic/lib/libroscpp.so /usr/lib/x86_64-linux-gnu/libpthread.so /usr/lib/x86_64-linux-gnu/libboost_chrono.so.1.71.0 /usr/lib/x86_64-linux-gnu/libboost_filesystem.so.1.71.0 /opt/ros/noetic/lib/librosconsole.so /opt/ros/noetic/lib/librosconsole_log4cxx.so /opt/ros/noetic/lib/librosconsole_backend_interface.so /usr/lib/x86_64-linux-gnu/liblog4cxx.so /usr/lib/x86_64-linux-gnu/libboost_regex.so.1.71.0 /opt/ros/noetic/lib/libroscpp_serialization.so /opt/ros/noetic/lib/libxmlrpcpp.so /opt/ros/noetic/lib/librostime.so /usr/lib/x86_64-linux-gnu/libboost_date_time.so.1.71.0 /opt/ros/noetic/lib/libcpp_common.so /usr/lib/x86_64-linux-gnu/libboost_system.so.1.71.0 /usr/lib/x86_64-linux-gnu/libboost_thread.so.1.71.0 /usr/lib/x86_64-linux-gnu/libconsole_bridge.so.0.4 /opt/ros/noetic/lib/libtf2.so /opt/ros/noetic/lib/libroscpp_serialization.so /opt/ros/noetic/lib/librostime.so /usr/lib/x86_64-linux-gnu/libboost_date_time.so.1.71.0 /opt/ros/noetic/lib/libcpp_common.so /usr/lib/x86_64-linux-gnu/libboost_system.so.1.71.0 /usr/lib/x86_64-linux-gnu/libboost_thread.so.1.71.0 /usr/lib/x86_64-linux-gnu/libconsole_bridge.so.0.4 /opt/ros/noetic/lib/libtf2_ros.so /opt/ros/noetic/lib/libactionlib.so /opt/ros/noetic/lib/libmessage_filters.so /opt/ros/noetic/lib/libroscpp.so /usr/lib/x86_64-linux-gnu/libpthread.so /usr/lib/x86_64-linux-gnu/libboost_chrono.so.1.71.0 /usr/lib/x86_64-linux-gnu/libboost_filesystem.so.1.71.0 /opt/ros/noetic/lib/librosconsole.so /opt/ros/noetic/lib/librosconsole_log4cxx.so /opt/ros/noetic/lib/librosconsole_backend_interface.so /usr/lib/x86_64-linux-gnu/liblog4cxx.so /usr/lib/x86_64-linux-gnu/libboost_regex.so.1.71.0 /opt/ros/noetic/lib/libxmlrpcpp.so /opt/ros/noetic/lib/libtf2.so /opt/ros/noetic/lib/libroscpp_serialization.so /opt/ros/noetic/lib/librostime.so /usr/lib/x86_64-linux-gnu/libboost_date_time.so.1.71.0 /opt/ros/noetic/lib/libcpp_common.so /usr/lib/x86_64-linux-gnu/libboost_system.so.1.71.0 /usr/lib/x86_64-linux-gnu/libboost_thread.so.1.71.0 /usr/lib/x86_64-linux-gnu/libconsole_bridge.so.0.4 /opt/ros/noetic/lib/libroscpp_serialization.so /opt/ros/noetic/lib/librostime.so /usr/lib/x86_64-linux-gnu/libboost_date_time.so.1.71.0 /opt/ros/noetic/lib/libcpp_common.so /usr/lib/x86_64-linux-gnu/libboost_system.so.1.71.0 /usr/lib/x86_64-linux-gnu/libboost_thread.so.1.71.0 /usr/lib/x86_64-linux-gnu/libconsole_bridge.so.0.4 /usr/local/lib/libqualisys_cpp_sdk.a /opt/ros/noetic/lib/libtf2_ros.so /opt/ros/noetic/lib/libactionlib.so /opt/ros/noetic/lib/libmessage_filters.so 
/opt/cmake-3.26.4-linux-x86_64/bin/cmake -E cmake_symlink_library libros-qualisys.so.1.0.0 libros-qualisys.so.1.0.0 libros-qualisys.so
make[2]: Leaving directory '/home/zeb/bluerov2_pid/ros_qualysis/build/ros-qualisys'
[ 50%] Built target ros-qualisys
/usr/bin/make  -f CMakeFiles/ros-qualisys-node.dir/build.make CMakeFiles/ros-qualisys-node.dir/depend
make[2]: Entering directory '/home/zeb/bluerov2_pid/ros_qualysis/build/ros-qualisys'
cd /home/zeb/bluerov2_pid/ros_qualysis/build/ros-qualisys && /opt/cmake-3.26.4-linux-x86_64/bin/cmake -E cmake_depends "Unix Makefiles" /home/zeb/bluerov2_pid/ros_qualysis/src /home/zeb/bluerov2_pid/ros_qualysis/src /home/zeb/bluerov2_pid/ros_qualysis/build/ros-qualisys /home/zeb/bluerov2_pid/ros_qualysis/build/ros-qualisys /home/zeb/bluerov2_pid/ros_qualysis/build/ros-qualisys/CMakeFiles/ros-qualisys-node.dir/DependInfo.cmake --color=
make[2]: Leaving directory '/home/zeb/bluerov2_pid/ros_qualysis/build/ros-qualisys'
/usr/bin/make  -f CMakeFiles/ros-qualisys-node.dir/build.make CMakeFiles/ros-qualisys-node.dir/build
make[2]: Entering directory '/home/zeb/bluerov2_pid/ros_qualysis/build/ros-qualisys'
[ 75%] [32mBuilding CXX object CMakeFiles/ros-qualisys-node.dir/src/ros-qualisys.cpp.o[0m
/usr/bin/c++ -DROSCONSOLE_BACKEND_LOG4CXX -DROS_BUILD_SHARED_LIBS=1 -DROS_PACKAGE_NAME=\"ros-qualisys\" -I/home/zeb/bluerov2_pid/ros_qualysis/build/ros-qualisys -I/home/zeb/bluerov2_pid/ros_qualysis/build/ros-qualisys/include -I/home/zeb/bluerov2_pid/ros_qualysis/src/include -I/opt/ros/noetic/include -I/opt/ros/noetic/share/xmlrpcpp/cmake/../../../include/xmlrpcpp -isystem /usr/local/include/qualisys_cpp_sdk -pedantic -Wno-long-long -Wall -Wextra -Wcast-align -Wcast-qual -Wformat -Wwrite-strings -Wconversion  -O3 -DNDEBUG -MD -MT CMakeFiles/ros-qualisys-node.dir/src/ros-qualisys.cpp.o -MF CMakeFiles/ros-qualisys-node.dir/src/ros-qualisys.cpp.o.d -o CMakeFiles/ros-qualisys-node.dir/src/ros-qualisys.cpp.o -c /home/zeb/bluerov2_pid/ros_qualysis/src/src/ros-qualisys.cpp
[100%] [32m[1mLinking CXX executable ros-qualisys[0m
/opt/cmake-3.26.4-linux-x86_64/bin/cmake -E cmake_link_script CMakeFiles/ros-qualisys-node.dir/link.txt --verbose=1
/usr/bin/c++ -pedantic -Wno-long-long -Wall -Wextra -Wcast-align -Wcast-qual -Wformat -Wwrite-strings -Wconversion  -O3 -DNDEBUG "CMakeFiles/ros-qualisys-node.dir/src/ros-qualisys.cpp.o" -o ros-qualisys  -Wl,-rpath,/home/zeb/bluerov2_pid/ros_qualysis/build/ros-qualisys:/opt/ros/noetic/lib: libros-qualisys.so.1.0.0 /opt/ros/noetic/lib/libroscpp.so /usr/lib/x86_64-linux-gnu/libpthread.so /usr/lib/x86_64-linux-gnu/libboost_chrono.so.1.71.0 /usr/lib/x86_64-linux-gnu/libboost_filesystem.so.1.71.0 /opt/ros/noetic/lib/librosconsole.so /opt/ros/noetic/lib/librosconsole_log4cxx.so /opt/ros/noetic/lib/librosconsole_backend_interface.so /usr/lib/x86_64-linux-gnu/liblog4cxx.so /usr/lib/x86_64-linux-gnu/libboost_regex.so.1.71.0 /opt/ros/noetic/lib/libroscpp_serialization.so /opt/ros/noetic/lib/libxmlrpcpp.so /opt/ros/noetic/lib/librostime.so /usr/lib/x86_64-linux-gnu/libboost_date_time.so.1.71.0 /opt/ros/noetic/lib/libcpp_common.so /usr/lib/x86_64-linux-gnu/libboost_system.so.1.71.0 /usr/lib/x86_64-linux-gnu/libboost_thread.so.1.71.0 /usr/lib/x86_64-linux-gnu/libconsole_bridge.so.0.4 /opt/ros/noetic/lib/libtf2.so /opt/ros/noetic/lib/libtf2_ros.so /opt/ros/noetic/lib/libactionlib.so /opt/ros/noetic/lib/libmessage_filters.so /opt/ros/noetic/lib/libroscpp.so /usr/lib/x86_64-linux-gnu/libpthread.so /usr/lib/x86_64-linux-gnu/libboost_chrono.so.1.71.0 /usr/lib/x86_64-linux-gnu/libboost_filesystem.so.1.71.0 /opt/ros/noetic/lib/librosconsole.so /opt/ros/noetic/lib/librosconsole_log4cxx.so /opt/ros/noetic/lib/librosconsole_backend_interface.so /usr/lib/x86_64-linux-gnu/liblog4cxx.so /usr/lib/x86_64-linux-gnu/libboost_regex.so.1.71.0 /opt/ros/noetic/lib/libroscpp_serialization.so /opt/ros/noetic/lib/libxmlrpcpp.so /opt/ros/noetic/lib/librostime.so /usr/lib/x86_64-linux-gnu/libboost_date_time.so.1.71.0 /opt/ros/noetic/lib/libcpp_common.so /usr/lib/x86_64-linux-gnu/libboost_system.so.1.71.0 /usr/lib/x86_64-linux-gnu/libboost_thread.so.1.71.0 /usr/lib/x86_64-linux-gnu/libconsole_bridge.so.0.4 /opt/ros/noetic/lib/libtf2.so /opt/ros/noetic/lib/libtf2_ros.so /opt/ros/noetic/lib/libactionlib.so /opt/ros/noetic/lib/libmessage_filters.so /usr/local/lib/libqualisys_cpp_sdk.a 
make[2]: Leaving directory '/home/zeb/bluerov2_pid/ros_qualysis/build/ros-qualisys'
[100%] Built target ros-qualisys-node
make[1]: Leaving directory '/home/zeb/bluerov2_pid/ros_qualysis/build/ros-qualisys'
/opt/cmake-3.26.4-linux-x86_64/bin/cmake -E cmake_progress_start /home/zeb/bluerov2_pid/ros_qualysis/build/ros-qualisys/CMakeFiles 0
-- Install configuration: "Release"
-- Installing: /home/zeb/bluerov2_pid/ros_qualysis/install/ros-qualisys/include/ros-qualisys/config.hh
-- Installing: /home/zeb/bluerov2_pid/ros_qualysis/install/ros-qualisys/include/ros-qualisys/deprecated.hh
-- Installing: /home/zeb/bluerov2_pid/ros_qualysis/install/ros-qualisys/include/ros-qualisys/warning.hh
-- Installing: /home/zeb/bluerov2_pid/ros_qualysis/install/ros-qualisys/_setup_util.py
-- Installing: /home/zeb/bluerov2_pid/ros_qualysis/install/ros-qualisys/env.sh
-- Installing: /home/zeb/bluerov2_pid/ros_qualysis/install/ros-qualisys/setup.bash
-- Installing: /home/zeb/bluerov2_pid/ros_qualysis/install/ros-qualisys/local_setup.bash
-- Installing: /home/zeb/bluerov2_pid/ros_qualysis/install/ros-qualisys/setup.sh
-- Installing: /home/zeb/bluerov2_pid/ros_qualysis/install/ros-qualisys/local_setup.sh
-- Installing: /home/zeb/bluerov2_pid/ros_qualysis/install/ros-qualisys/setup.zsh
-- Installing: /home/zeb/bluerov2_pid/ros_qualysis/install/ros-qualisys/local_setup.zsh
-- Installing: /home/zeb/bluerov2_pid/ros_qualysis/install/ros-qualisys/setup.fish
-- Installing: /home/zeb/bluerov2_pid/ros_qualysis/install/ros-qualisys/local_setup.fish
-- Installing: /home/zeb/bluerov2_pid/ros_qualysis/install/ros-qualisys/.rosinstall
-- Installing: /home/zeb/bluerov2_pid/ros_qualysis/install/ros-qualisys/lib/libros-qualisys.so.1.0.0
-- Set runtime path of "/home/zeb/bluerov2_pid/ros_qualysis/install/ros-qualisys/lib/libros-qualisys.so.1.0.0" to ""
-- Installing: /home/zeb/bluerov2_pid/ros_qualysis/install/ros-qualisys/lib/libros-qualisys.so
-- Installing: /home/zeb/bluerov2_pid/ros_qualysis/install/ros-qualisys/lib/ros-qualisys/ros-qualisys
-- Set runtime path of "/home/zeb/bluerov2_pid/ros_qualysis/install/ros-qualisys/lib/ros-qualisys/ros-qualisys" to "$ORIGIN/../lib"
-- Installing: /home/zeb/bluerov2_pid/ros_qualysis/install/ros-qualisys/share/ros-qualisys/package.xml
-- Installing: /home/zeb/bluerov2_pid/ros_qualysis/install/ros-qualisys/share/ros-qualisys/config
-- Installing: /home/zeb/bluerov2_pid/ros_qualysis/install/ros-qualisys/share/ros-qualisys/config/bauzil-qualisys.yaml
-- Installing: /home/zeb/bluerov2_pid/ros_qualysis/install/ros-qualisys/share/ros-qualisys/launch
-- Installing: /home/zeb/bluerov2_pid/ros_qualysis/install/ros-qualisys/share/ros-qualisys/launch/qualisys_bauzil_bringup.launch
-- Installing: /home/zeb/bluerov2_pid/ros_qualysis/install/ros-qualisys/share/ros-qualisys/scripts
-- Installing: /home/zeb/bluerov2_pid/ros_qualysis/install/ros-qualisys/share/ros-qualisys/scripts/tf2_pose_gt_real.py
-- Installing: /home/zeb/bluerov2_pid/ros_qualysis/install/ros-qualisys/lib/pkgconfig/ros-qualisys.pc
-- Installing: /home/zeb/bluerov2_pid/ros_qualysis/install/ros-qualisys/include/ros-qualisys/qualisys-to-ros.hpp
-- Installing: /home/zeb/bluerov2_pid/ros_qualysis/install/ros-qualisys/share/ament_index/resource_index/packages/ros-qualisys
-- Installing: /home/zeb/bluerov2_pid/ros_qualysis/install/ros-qualisys/share/ros-qualisys/hook/ament_prefix_path.dsv
-- Installing: /home/zeb/bluerov2_pid/ros_qualysis/install/ros-qualisys/share/ros-qualisys/hook/python_path.dsv
-- Up-to-date: /home/zeb/bluerov2_pid/ros_qualysis/install/ros-qualisys/share/ros-qualisys/package.xml
-- Installing: /home/zeb/bluerov2_pid/ros_qualysis/install/ros-qualisys/lib/cmake/ros-qualisys/ros-qualisysConfig.cmake
-- Installing: /home/zeb/bluerov2_pid/ros_qualysis/install/ros-qualisys/lib/cmake/ros-qualisys/ros-qualisysConfigVersion.cmake
-- Installing: /home/zeb/bluerov2_pid/ros_qualysis/install/ros-qualisys/lib/cmake/ros-qualisys/ros-qualisysTargets.cmake
-- Installing: /home/zeb/bluerov2_pid/ros_qualysis/install/ros-qualisys/lib/cmake/ros-qualisys/ros-qualisysTargets-release.cmake
