This file contains any messages produced by compilers while
running CMake, to aid debugging if configure makes a mistake.

It was created by ros-qualisys CMake configuration process 1.0.0, which was
generated by CMake 3.26.4.

## --------- ##
## Platform. ##
## --------- ##

hostname = zeb-rog
system = Linux-5.15.0-139-generic
processor = x86_64
generator = Unix Makefiles

PATH /opt/ros/noetic/bin
PATH /home/zeb/miniconda3/condabin
PATH /opt/gcc-arm-none-eabi-9-2020-q2-update/bin
PATH /home/zeb/.local/bin
PATH /usr/local/sbin
PATH /usr/local/bin
PATH /usr/sbin
PATH /usr/bin
PATH /sbin
PATH /bin
PATH /usr/games
PATH /usr/local/games
PATH /snap/bin

PKG_CONFIG_PATH /home/zeb/ws_moveit/devel/lib/pkgconfig
PKG_CONFIG_PATH /home/zeb/ros_workspace/install/ros-qualisys/lib/pkgconfig
PKG_CONFIG_PATH /opt/ros/noetic/lib/pkgconfig
PKG_CONFIG_PATH /opt/ros/noetic/lib/x86_64-linux-gnu/pkgconfig

## ---------------- ##
## CMake variables. ##
## ---------------- ##

CMAKE_ROOT = /opt/cmake-3.26.4-linux-x86_64/share/cmake-3.26
CMAKE_INCLUDE_PATH = 
CMAKE_LIBRARY_PATH = 
CMAKE_PREFIX_PATH = /home/zeb/bluerov2_pid/ros_qualysis/build/ros-qualisys/devel;/home/zeb/ws_moveit/devel;/home/zeb/ros_workspace/install/ros-qualisys;/opt/ros/noetic
CMAKE_INSTALL_ALWAYS = 
CMAKE_SKIP_RPATH = NO
CMAKE_SUPPRESS_REGENERATION = 
BUILD_SHARED_LIBS = ON

CMAKE_INSTALL_PREFIX = /home/zeb/bluerov2_pid/ros_qualysis/install/ros-qualisys
PROJECT_SOURCE_DIR = /home/zeb/bluerov2_pid/ros_qualysis/src
PROJECT_SOURCE_DIR = /home/zeb/bluerov2_pid/ros_qualysis/src
PROJECT_BINARY_DIR = /home/zeb/bluerov2_pid/ros_qualysis/build/ros-qualisys
CMAKE_BINARY_DIR = /home/zeb/bluerov2_pid/ros_qualysis/build/ros-qualisys

CMAKE_AR = /usr/bin/ar
CMAKE_RANLIB = /usr/bin/ranlib
CMAKE_BUILD_TYPE = Release
CMAKE_CONFIGURATION_TYPES = 
CMAKE_SHARED_LINKER_FLAGS = 

CMAKE_C_COMPILER = /usr/bin/cc
CMAKE_C_FLAGS = 
CMAKE_C_FLAGS_DEBUG = -g
CMAKE_C_FLAGS_RELEASE = -O3 -DNDEBUG
CMAKE_CXX_COMPILER = /usr/bin/c++
CMAKE_CXX_FLAGS = -pedantic -Wno-long-long -Wall -Wextra -Wcast-align -Wcast-qual -Wformat -Wwrite-strings -Wconversion 
CMAKE_CXX_FLAGS_DEBUG = -g
CMAKE_CXX_FLAGS_RELEASE = -O3 -DNDEBUG
CMAKE_CXX_FLAGS_RELWITHDEBINFO = -O2 -g -DNDEBUG

CMAKE_STATIC_LIBRARY_PREFIX = lib
CMAKE_STATIC_LIBRARY_SUFFIX = .a
CMAKE_SHARED_LIBRARY_PREFIX = lib
CMAKE_SHARED_LIBRARY_SUFFIX = .so
CMAKE_SHARED_MODULE_PREFIX = lib
CMAKE_SHARED_MODULE_SUFFIX = .so

## ------------------ ##
## Watched variables. ##
## ------------------ ##

WARNING_CXX_FLAGS = -pedantic -Wno-long-long -Wall -Wextra -Wcast-align -Wcast-qual -Wformat -Wwrite-strings -Wconversion
_PKG_CONFIG_FOUND = undefined
PKG_CONFIG_EXECUTABLE = /usr/bin/pkg-config
_PKG_CONFIG_PREFIX = ${pcfiledir}/../..
_PKG_CONFIG_EXEC_PREFIX = ${pcfiledir}/../..
_PKG_CONFIG_LIBDIR = ${pcfiledir}/../../lib
_PKG_CONFIG_BINDIR = ${pcfiledir}/../../bin
_PKG_CONFIG_PKGLIBDIR = ${pcfiledir}/../../lib/ros-qualisys
_PKG_CONFIG_INCLUDEDIR = ${pcfiledir}/../../include
_PKG_CONFIG_DATAROOTDIR = ${pcfiledir}/../../share
_PKG_CONFIG_PKGDATAROOTDIR = ${pcfiledir}/../../share
_PKG_CONFIG_DOCDIR = ${pcfiledir}/../../share/doc/ros-qualisys
_PKG_CONFIG_DOXYGENDOCDIR = ${pcfiledir}/../../share/doc/ros-qualisys/doxygen-html
_PKG_CONFIG_PROJECT_NAME = ros-qualisys
_PKG_CONFIG_DESCRIPTION = ROS wrapper around the https://github.com/qualisys/qualisys_cpp_sdk package. See README.md.
_PKG_CONFIG_URL = https://github.com/gepetto/ros-qualisys
_PKG_CONFIG_VERSION = 1.0.0
_PKG_CONFIG_REQUIRES = 
_PKG_CONFIG_REQUIRES_DEBUG = 
_PKG_CONFIG_REQUIRES_OPTIMIZED = 
_PKG_CONFIG_COMPILE_TIME_REQUIRES = 
_PKG_CONFIG_CONFLICTS = 
_PKG_CONFIG_LIBS = 
_PKG_CONFIG_LIBS_DEBUG = -L${libdir}
_PKG_CONFIG_LIBS_OPTIMIZED = -L${libdir}
_PKG_CONFIG_LIBS_PRIVATE = 
_PKG_CONFIG_CFLAGS = -I${includedir}
_PKG_CONFIG_CFLAGS_DEBUG = 
_PKG_CONFIG_CFLAGS_OPTIMIZED = 
_PKG_CONFIG_FILENAME = ros-qualisys.pc
PKG_CONFIG_EXTRA = 
## ---------------- ##
## Watched targets. ##
## ---------------- ##

